          2019-03-02 16:23
[1m[40m--System Mention--[47;30mUser [31mLix
ª[30m is online. There are [35m1[30m users online.[0m[0m
[1m[40m--System Mention--[47;30m[1mWelcome User [31mLix
ª[30m Join Us ![0m[0m
[1m[34mLix
ª[0m:fsda
[1m[34mLix
ª[0m:gersdfczv
          2019-03-02 16:25
[1m[40m--System Mention--[47;30m[1mWelcome User [31mLix
İ[30m Join Us ![0m[0m
[1m[40m--System Mention--[47;30mUser [31mLix
İ[30m is online. There are [35m1[30m users online.[0m[0m
[1m[34mLix
İ[0m:fasd
          2019-03-02 16:25
          2019-03-02 16:25
          2019-03-02 16:25
          2019-03-02 16:27
[1m[40m--System Mention--[47;30m[1mWelcome User [31mLix
[30m Join Us ![0m[0m
[1m[40m--System Mention--[47;30mUser [31mLix
[30m is online. There are [35m1[30m users online.[0m[0m
[1m[34mLix
[0m:asdf
[1m[34mLix
[0m:sdf
[1m[34mLix
[0m:sda
[1m[34mLix
[0m:f
[1m[34mLix
[0m:das
[1m[34mLix
[0m:f
          2019-03-02 16:31
[1m[40m--System Mention--[47;30m[1mWelcome User [31mLix[30m Join Us ![0m[0m
[1m[40m--System Mention--[47;30mUser [31mLix[30m is online. There are [35m1[30m users online.[0m[0m
[1m[34mLix[0m:fwea
[1m[34mLix[0m:grad
[1m[34mLix[0m:fae
[1m[34mLix[0m:dsf
[1m[34mLix[0m:w
[1m[34mLix[0m:e
[1m[34mLix[0m:afds
[1m[34mLix[0m:grasd
[1m[34mLix[0m:exit
[1m[40m--System Mention--[47;30mUser [31mLix [30m is OFFLINE[0m[0m
          2019-03-02 16:31
          2019-03-02 16:31
          2019-03-02 16:31
[1m[40m--System Mention--[47;30m[1mWelcome User [31mLix[30m Join Us ![0m[0m
[1m[40m--System Mention--[47;30mUser [31mLix[30m is online. There are [35m1[30m users online.[0m[0m
[1m[34mLix[0m:saf
[1m[34mLix[0m:as
[1m[34mLix[0m:dfa
[1m[34mLix[0m:s
[1m[34mLix[0m:df
[1m[34mLix[0m:exit
[1m[40m--System Mention--[47;30mUser [31mLix [30m is OFFLINE[0m[0m
          2019-03-02 16:41
          2019-03-02 16:41
[1m[40m--System Mention--[47;30m[1mWelcome User [31mLix[30m Join Us ![0m[0m
[1m[40m--System Mention--[47;30mUser [31mLix[30m is online. There are [35m1[30m users online.[0m[0m
[1m[34mLix[0m:asdf
[1m[34mLix[0m:refd
[1m[34mLix[0m:exit
[1m[40m--System Mention--[47;30mUser [31mLix [30m is OFFLINE[0m[0m
          2019-03-02 16:47
[1m[40m--System Mention--[47;30m[1mWelcome User [31mLix[30m Join Us ![0m[0m
[1m[40m--System Mention--[47;30mUser [31mLix[30m is online. There are [35m1[30m users online.[0m[0m
[1m[34mLix[0m:asf
[1m[34mLix[0m:re
[1m[34mLix[0m:afdsc
[1m[34mLix[0m:casder
[1m[34mLix[0m:fwe
[1m[34mLix[33m*[34m:[37m[0m
[1m[34mLix[0m:fjweiosdaf
          2019-03-02 16:51
          2019-03-02 16:51
          2019-03-02 16:52
          2019-03-02 16:53
[1m[40m--System Mention--[47;30m[1mWelcome User [31mLix[30m Join Us ![0m[0m
[1m[40m--System Mention--[47;30mUser [31mLix[30m is online. There are [35m1[30m users online.[0m[0m
          2019-03-02 16:53
          2019-03-02 16:53
          2019-03-02 16:53
[1m[40m--System Mention--[47;30m[1mWelcome User [31mLix[30m Join Us ![0m[0m
[1m[40m--System Mention--[47;30mUser [31mLix[30m is online. There are [35m1[30m users online.[0m[0m
[1m[34mLix[0m:exit
[1m[40m--System Mention--[47;30mUser [31mLix [30m is OFFLINE[0m[0m
          2019-03-02 16:54
[1m[40m--System Mention--[47;30mUser [31mLix[30m is online. There are [35m1[30m users online.[0m[0m
[1m[40m--System Mention--[47;30m[1mWelcome User [31mLix[30m Join Us ![0m[0m
          2019-03-02 16:54
[1m[40m--System Mention--[47;30m[1mWelcome User [31mLix[30m Join Us ![0m[0m
[1m[40m--System Mention--[47;30mUser [31mLix[30m is online. There are [35m1[30m users online.[0m[0m
[1m[34mLix[0m:exit
[1m[40m--System Mention--[47;30mUser [31mLix [30m is OFFLINE[0m[0m
          2019-03-02 16:54
[1m[40m--System Mention--[47;30mUser [31mLix[30m is online. There are [35m1[30m users online.[0m[0m
[1m[40m--System Mention--[47;30m[1mWelcome User [31mLix[30m Join Us ![0m[0m
[1m[34mLix[0m:exit
[1m[40m--System Mention--[47;30mUser [31mLix [30m is OFFLINE[0m[0m
          2019-03-02 16:55
          2019-03-02 16:55
          2019-03-02 16:55
          2019-03-02 16:55
          2019-03-02 16:55
          2019-03-02 16:55
          2019-03-02 16:55
          2019-03-02 16:55
          2019-03-02 16:55
          2019-03-02 16:55
[1m[40m--System Mention--[47;30m[1mWelcome User [31mLix[30m Join Us ![0m[0m
[1m[40m--System Mention--[47;30mUser [31mLix[30m is online. There are [35m1[30m users online.[0m[0m
[1m[34mLix[0m:exit
[1m[40m--System Mention--[47;30mUser [31mLix [30m is OFFLINE[0m[0m
          2019-03-02 16:55
          2019-03-02 16:55
          2019-03-02 16:57
          2019-03-02 16:57
          2019-03-02 16:57
          2019-03-02 16:57
          2019-03-02 16:58
          2019-03-02 16:58
          2019-03-02 16:58
          2019-03-02 16:58
          2019-03-02 16:58
          2019-03-02 16:58
          2019-03-02 16:58
          2019-03-02 16:58
          2019-03-02 16:58
          2019-03-02 16:58
          2019-03-02 16:58
[1m[40m--System Mention--[47;30m[1mWelcome User [31mLix[30m Join Us ![0m[0m
[1m[40m--System Mention--[47;30mUser [31mLix[30m is online. There are [35m1[30m users online.[0m[0m
[1m[34mLix[0m:fweadsf
[1m[34mLix[0m:grea
[1m[34mLix[0m:fw
[1m[34mLix[0m:e
[1m[34mLix[0m:fa
[1m[34mLix[0m:fas
[1m[34mLix[0m:df
[1m[34mLix[0m:w
[1m[34mLix[0m:eg
[1m[34mLix[33m*[34m:[37madsf[0m
[1m[40m--System Mention--[47;30mThere are [35m1[30m users :[1m  [31mLix[0m
[1m[34mLix[0m:exit
[1m[40m--System Mention--[47;30mUser [31mLix [30m is OFFLINE[0m[0m
          2019-03-02 16:58
[1m[40m--System Mention--[47;30m[1mWelcome User [31mLix[30m Join Us ![0m[0m
[1m[40m--System Mention--[47;30mUser [31mLix[30m is online. There are [35m1[30m users online.[0m[0m
          2019-03-02 16:58
          2019-03-02 16:58
          2019-03-02 16:58
          2019-03-02 16:58
          2019-03-02 16:59
[1m[40m--System Mention--[47;30m[1mWelcome User [31mLix[30m Join Us ![0m[0m
[1m[40m--System Mention--[47;30mUser [31mLix[30m is online. There are [35m1[30m users online.[0m[0m
[1m[34mLix[0m:ps
[1m[34mLix[0m:asasdf
[1m[34mLix[0m:few
[1m[40m--System Mention--[47;30mThere are [35m1[30m users :[1m  [31mLix[0m
[1m[34mLix[0m:exit
[1m[40m--System Mention--[47;30mUser [31mLix [30m is OFFLINE[0m[0m
          2019-03-02 17:00
          2019-03-02 17:00
          2019-03-02 17:01
[1m[40m--System Mention--[47;30m[1mWelcome User [31mLix[30m Join Us ![0m[0m
[1m[40m--System Mention--[47;30mUser [31mLix[30m is online. There are [35m1[30m users online.[0m[0m
[1m[34mLix[0m:adsf
[1m[34mLix[0m:few
[1m[34mLix[0m:dsa
[1m[34mLix[0m:c
[1m[34mLix[0m:s
[1m[34mLix[0m:d
[1m[34mLix[0m:fwe
[1m[34mLix[0m:f
          2019-03-02 17:02
[1m[40m--System Mention--[47;30m[1mWelcome User [31mLix[30m Join Us ![0m[0m
[1m[40m--System Mention--[47;30mUser [31mLix[30m is online. There are [35m1[30m users online.[0m[0m
[1m[34mLix[0m:sdaf
[1m[34mLix[0m:few
[1m[34mLix[0m:f
[1m[34mLix[0m:sd
[1m[34mLix[0m:e
[1m[34mLix[0m:vd
[1m[34mLix[0m:v
[1m[34mLix[0m:dfv
          2019-03-02 18:39
[1m[40m--System Mention--[47;30myour name : Lix
[0m
[1m[40m--System Mention--[47;30mLix	 join in 
[0m
[1m[34mLix[0m:Sat Mar  2 18:39:20 2019
	asadf
people online number : 2

[1m[34mlife[33m*[34m:[37mSat Mar  2 18:39:29 2019
	@Lix hello
people online number : 2
[0m
[1m[40m--System Mention--[47;30mlife logout! 
[0m
          2019-03-02 20:00
[1m[34mLix[0m:Sat Mar  2 18:39:42 2019
	exit
people online number : 1

          2019-03-02 20:03
[1m[40m--System Mention--[47;30mYour name: Lix[0m
[1m[40m--System Mention--[47;30mLix join æ¾³é—¨åœ¨çº¿èŠå¤©å®¤[0m
[1m[34mLix[0m:fwe
[1m[34mLix[0m:fdsaf
[1m[34mLix[0m:sadf
[1m[34mLix[0m:we
[1m[34mLix[0m:f
[1m[34mLix[0m:f
[1m[34mLix[0m:erg
[1m[34mLix[0m:er
[1m[34mLix[0m:d
[1m[34mLix[0m:ger
[1m[34mLix[0m:f
[1m[34mLix[0m:sd
[1m[34mLix[0m:fre
[1m[34mLix[0m:g
[1m[34mLix[0m:re
[1m[34mLix[0m:g
[1m[34mLix[0m:rtg
[1m[34mLix[0m:df
[1m[34mLix[0m:gr
[1m[34mLix[0m:tg
[1m[34mLix[0m:rth
[1m[34mLix[0m:tyj
[1m[34mLix[0m:tyh
[1m[34mLix[0m:er
[1m[34mLix[0m:ewrg
[1m[34mLix[0m:th
[1m[34mLix[0m:y
[1m[34mLix[0m:ht
[1m[34mlife[0m:asdfjkl
[1m[34mé“¶.TAMA[0m:å’Œè€å©†ï½ï½„ï½ï½ï½‰ï½„ï½“ï½†ï½ï½“ï½„ï½†ï½ï½“ï½„ï½†ï½
[1m[34mé“¶.TAMA[0m:adf
[1m[34mlife[0m:asdflkj 
[1m[34mé“¶.TAMA[0m:dfsa
[1m[34mé“¶.TAMA[0m:ds
[1m[34mé“¶.TAMA[0m:fdsa
[1m[34mé“¶.TAMA[0m:f
[1m[34mé“¶.TAMA[0m:dsaf
[1m[34mé“¶.TAMA[0m:ds
[1m[34mé“¶.TAMA[0m:fad
[1m[34mé“¶.TAMA[0m:f
[1m[34mé“¶.TAMA[0m:df
[1m[34mlife[0m:sdafjlk 
[1m[34mlife[0m:sdfjlk asdjkl asdjkl 
[1m[34mé“¶.TAMA[0m:asd
[1m[34mé“¶.TAMA[0m:asfd
[1m[34mé“¶.TAMA[0m:adsf 
[1m[34mé“¶.TAMA[0m: adsf fasdf asdf df 
[1m[34mé“¶.TAMA[0m:a d
[1m[34mé“¶.TAMA[0m: fds afsdf das f 
[1m[34mlife[0m:çœ‹æˆ‘å¼„çˆ†å®ƒ
[1m[34mlife[0m:asekl;sdkj ml;kjsadlkc
[1m[34mé“¶.TAMA[0m:fads
[1m[34mé“¶.TAMA[0m:fads
[1m[34mé“¶.TAMA[0m:f
[1m[34mé“¶.TAMA[0m:dsaf
[1m[34mé“¶.TAMA[0m:df
[1m[34mlife[0m:fads l;jkl;
[1m[34mé“¶.TAMA[0m:af
[1m[34mlife[0m:sadkl;ac
[1m[34mé“¶.TAMA[0m:a
[1m[34mé“¶.TAMA[0m:sdf
[1m[34mé“¶.TAMA[0m:sdf
[1m[34mlife[0m:adsk;ldakca
[1m[34mé“¶.TAMA[0m:as
[1m[34mé“¶.TAMA[0m:dfs
[1m[34mé“¶.TAMA[0m:a
[1m[34mé“¶.TAMA[0m:fsad
[1m[34mlife[0m:sddkc
[1m[34mlife[0m:asdckl;c
[1m[34mlife[0m:c j;dsa
[1m[34mlife[0m:ckl;sdac
[1m[34mlife[0m:cmkds;a
[1m[34mlife[0m:dcksa
[1m[40m--System Mention--[47;30mgame join æ¾³é—¨åœ¨çº¿èŠå¤©å®¤[0m
[1m[34mlife[0m:dcjads
[1m[34mé“¶.TAMA[0m:f@kkk
[1m[34mgame[0m:123
[1m[34mé“¶.TAMA[0m:adsf
[1m[34mé“¶.TAMA[0m:dsfaf
[1m[34mé“¶.TAMA[0m:df
[1m[34mé“¶.TAMA[0m:sda
[1m[34mlife[0m:'#
[1m[34mé“¶.TAMA[0m:sdf
[1m[34mé“¶.TAMA[0m:safd
[1m[34mgame[0m:13
[1m[34mé“¶.TAMA[0m:sd
[1m[34mgame[0m:11
[1m[34mgame[0m:1
[1m[34mé“¶.TAMA[0m:f
[1m[34mgame[0m:1
[1m[34mgame[0m:1
[1m[34mé“¶.TAMA[0m:fdsa
[1m[34mgame[0m:1
[1m[40m--System Mention--[47;30mgame Logout; Online 4[0m
[1m[34mé“¶.TAMA[0m:asd
[1m[34mé“¶.TAMA[0m:f#
[1m[34mlife[0m:jdsalk
[1m[34mLix[0m:fawe
[1m[34mlife[0m:å’Œé£Ÿæ¬²æ¢…å‰å‰
[1m[40m--System Mention--[47;30mè´ºè¯—é›¨è‡´å¯Œ join æ¾³é—¨åœ¨çº¿èŠå¤©å®¤[0m
[1m[34mè´ºè¯—é›¨è‡´å¯Œ[0m:1
[1m[34mè´ºè¯—é›¨è‡´å¯Œ[0m:1
[1m[40m--System Mention--[47;30mcannot find this user[0m
[1m[34mè´ºè¯—é›¨è‡´å¯Œ[0m:2
[1m[34mè´ºè¯—é›¨è‡´å¯Œ[0m:2
[1m[34mè´ºè¯—é›¨è‡´å¯Œ[0m:22
[1m[34mè´ºè¯—é›¨è‡´å¯Œ[0m:2
[1m[34mè´ºè¯—é›¨è‡´å¯Œ[0m:2
[1m[34mè´ºè¯—é›¨è‡´å¯Œ[0m:2
[1m[34mè´ºè¯—é›¨è‡´å¯Œ[0m:2
[1m[34mè´ºè¯—é›¨è‡´å¯Œ[0m:323
[1m[34mè´ºè¯—é›¨è‡´å¯Œ[0m:323233232
[1m[40m--System Mention--[47;30mè´ºè¯—é›¨è‡´å¯Œ Logout; Online 4[0m
[1m[40m--System Mention--[47;30mOnline 4; user: kkk life é“¶.TAMA Lix[0m
[1m[34mlife[33m*[34m:[37m hhhxxx[0m
[1m[40m--System Mention--[47;30mè´ºè¯—é›¨è‡´å¯Œ join æ¾³é—¨åœ¨çº¿èŠå¤©å®¤[0m
[1m[34mè´ºè¯—é›¨è‡´å¯Œ[0m:1
[1m[34mè´ºè¯—é›¨è‡´å¯Œ[0m:2
[1m[34mkkk[33m*[34m:[37m[0m
[1m[34mè´ºè¯—é›¨è‡´å¯Œ[0m:3
[1m[34mè´ºè¯—é›¨è‡´å¯Œ[0m:4
[1m[34mè´ºè¯—é›¨è‡´å¯Œ[0m:5
[1m[34mè´ºè¯—é›¨è‡´å¯Œ[0m:6
[1m[34mè´ºè¯—é›¨è‡´å¯Œ[0m:7
[1m[34mkkk[0m:sa
[1m[34mè´ºè¯—é›¨è‡´å¯Œ[0m:???
[1m[34mè´ºè¯—é›¨è‡´å¯Œ[0m:?
[1m[34mè´ºè¯—é›¨è‡´å¯Œ[0m:?
[1m[34mè´ºè¯—é›¨è‡´å¯Œ[0m:?
[1m[34mè´ºè¯—é›¨è‡´å¯Œ[0m:?
[1m[34mè´ºè¯—é›¨è‡´å¯Œ[0m:?
[1m[34mè´ºè¯—é›¨è‡´å¯Œ[0m:?
[1m[34mè´ºè¯—é›¨è‡´å¯Œ[0m:?
[1m[34mè´ºè¯—é›¨è‡´å¯Œ[0m:?
[1m[34mè´ºè¯—é›¨è‡´å¯Œ[0m:sa
[1m[34mè´ºè¯—é›¨è‡´å¯Œ[0m:a
[1m[34mè´ºè¯—é›¨è‡´å¯Œ[0m:s
[1m[34mè´ºè¯—é›¨è‡´å¯Œ[0m:as
[1m[34mè´ºè¯—é›¨è‡´å¯Œ[0m:as
[1m[34mè´ºè¯—é›¨è‡´å¯Œ[0m:as
[1m[34mè´ºè¯—é›¨è‡´å¯Œ[0m:asas
[1m[34mé“¶.TAMA[0m:asdf
[1m[34mlife[0m:sdf k;l
          2019-03-02 20:06
[1m[40m--System Mention--[47;30mYour name: Lix[0m
[1m[40m--System Mention--[47;30mLix join æ¾³é—¨åœ¨çº¿èŠå¤©å®¤[0m
[1m[40m--System Mention--[47;30mkkk join æ¾³é—¨åœ¨çº¿èŠå¤©å®¤[0m
[1m[40m--System Mention--[47;30mè´ºè¯—é›¨è‡´å¯Œ join æ¾³é—¨åœ¨çº¿èŠå¤©å®¤[0m
[1m[34mè´ºè¯—é›¨è‡´å¯Œ[0m:2
[1m[34mè´ºè¯—é›¨è‡´å¯Œ[0m:3
[1m[34mè´ºè¯—é›¨è‡´å¯Œ[0m:4
[1m[34mè´ºè¯—é›¨è‡´å¯Œ[0m:5
[1m[34mè´ºè¯—é›¨è‡´å¯Œ[0m:6
[1m[34mè´ºè¯—é›¨è‡´å¯Œ[0m:7
[1m[34mé“¶.TAMA[0m:adsfafa
[1m[34mé“¶.TAMA[0m:adsf
[1m[34mé“¶.TAMA[0m:ad
[1m[34mé“¶.TAMA[0m:sfa
[1m[34mé“¶.TAMA[0m:df
[1m[34mé“¶.TAMA[0m:ad
[1m[34mé“¶.TAMA[0m:fa
[1m[34mé“¶.TAMA[0m:dfsa
[1m[34mé“¶.TAMA[0m:df
[1m[34mé“¶.TAMA[0m:ad
[1m[34mé“¶.TAMA[0m:sf
[1m[34mé“¶.TAMA[0m:asdf
[1m[34mé“¶.TAMA[0m:dfas
          2019-03-02 20:06
          2019-03-02 20:06
          2019-03-02 20:06
          2019-03-02 20:08
[1m[40m--System Mention--[47;30mYour name: JOKER[0m
[1m[40m--System Mention--[47;30mJOKER join æ¾³é—¨åœ¨çº¿èŠå¤©å®¤[0m
[1m[34mJOKER[0m:fsdfsadf
[1m[34mJOKER[0m:fas
[1m[34mJOKER[0m:df
[1m[34mJOKER[0m:fa
[1m[34mJOKER[0m:sdf
[1m[34mJOKER[0m:sd
[1m[34mJOKER[0m:f
[1m[34mé“¶.TAMA[0m:dfgs
[1m[34mJOKER[0m:sad
[1m[34mé“¶.TAMA[0m:gfsd
[1m[34mé“¶.TAMA[0m:gf
[1m[34mé“¶.TAMA[0m:dd
[1m[34mé“¶.TAMA[0m:ads
[1m[34mé“¶.TAMA[0m:fa
[1m[34mé“¶.TAMA[0m:d
[1m[34mé“¶.TAMA[0m:af
[1m[34mé“¶.TAMA[0m:d
[1m[34mè´ºè¯—é›¨è‡´å¯Œ[0m:1
[1m[34mé“¶.TAMA[0m:af
[1m[34mLix[0m:fasdfsd
[1m[34mé“¶.TAMA[0m:sd
[1m[34mLix[0m:fs
[1m[34mLix[0m:df
[1m[34mé“¶.TAMA[0m:af
[1m[34mè´ºè¯—é›¨è‡´å¯Œ[0m:1
[1m[34mLix[0m:sd
[1m[34mé“¶.TAMA[0m:d
[1m[34mLix[0m:fre
[1m[34mé“¶.TAMA[0m:fa
[1m[34mè´ºè¯—é›¨è‡´å¯Œ[0m:2
[1m[34mLix[0m:ge
[1m[34mé“¶.TAMA[0m:d
[1m[34mLix[0m:d
[1m[34mé“¶.TAMA[0m:af
[1m[34mé“¶.TAMA[0m:sd
[1m[34mLix[0m:sdaf
[1m[34mé“¶.TAMA[0m:f
[1m[34mè´ºè¯—é›¨è‡´å¯Œ[0m:3
[1m[34mé“¶.TAMA[0m:ads
[1m[34mLix[0m:dsaf
[1m[34mé“¶.TAMA[0m:f
[1m[34mè´ºè¯—é›¨è‡´å¯Œ[0m:4
[1m[34mé“¶.TAMA[0m:asdf
[1m[34mé“¶.TAMA[0m:ds
[1m[34mè´ºè¯—é›¨è‡´å¯Œ[0m:5
[1m[34mé“¶.TAMA[0m:fa
[1m[34mé“¶.TAMA[0m:sdf
[1m[34mé“¶.TAMA[0m:ad
[1m[34mé“¶.TAMA[0m:d
[1m[34mè´ºè¯—é›¨è‡´å¯Œ[0m:6
[1m[34mè´ºè¯—é›¨è‡´å¯Œ[0m:4332
[1m[34mè´ºè¯—é›¨è‡´å¯Œ[0m:1132
[1m[34mè´ºè¯—é›¨è‡´å¯Œ[0m:23
[1m[34mè´ºè¯—é›¨è‡´å¯Œ[0m:2
[1m[34mè´ºè¯—é›¨è‡´å¯Œ[0m:123
[1m[40m--System Mention--[47;30mé“¶.TAMA Logout; Online 6[0m
[1m[34mè´ºè¯—é›¨è‡´å¯Œ[0m:231111111111
[1m[34mè´ºè¯—é›¨è‡´å¯Œ[0m:3223
[1m[34méƒ‘ä¸œç¦[0m:gfbsgnsrnsrtnstn
[1m[34mkkk[0m:fds
[1m[34mkkk[0m:fds
[1m[34mkkk[0m:f
[1m[34mkkk[0m:s
[1m[34mlife[0m:dsjkafl;jladsfjk;'adsfk;lskdjfl;kasjdflkasdjf;laksdjfas'dsad
[1m[40m--System Mention--[47;30méƒ‘ä¸œç¦ Logout; Online 5[0m
[1m[34mlife[0m:affjs
[1m[34mlife[0m:;afsdj
[1m[34mlife[0m:asd;jfadkl
[1m[34mlife[0m:s;fjads
[1m[34mlife[0m:;fjasd
[1m[34mlife[0m:lkfasdkjad;slkfasdl;fsa
[1m[34mlife[0m:asd
[1m[40m--System Mention--[47;30méƒ‘ä¸œç¦ join æ¾³é—¨åœ¨çº¿èŠå¤©å®¤[0m
[1m[34mlife[0m:fckasdlkasd;lfkasd
[1m[34mlife[0m:l;fak
[1m[34mlife[0m:a
[1m[34mLix[0m:é“¶.TAMAæ”¾å‡å•Šæ­»å“¦å¤§å®¶ä½›æ’’æ—¦
[1m[34mlife[0m:dasfk
[1m[34mlife[0m:asdkfasf
[1m[40m--System Mention--[47;30mlife Logout; Online 5[0m
[1m[40m--System Mention--[47;30mlife join æ¾³é—¨åœ¨çº¿èŠå¤©å®¤[0m
[1m[40m--System Mention--[47;30méƒ‘ä¸œç¦ Logout; Online 5[0m
[1m[40m--System Mention--[47;30mlife Logout; Online 4[0m
[1m[34mLix[0m:é“¶.TAMA è§‰å¾—å‘å“¦iså¤§å®¶ä½›iså¤§å®¶
[1m[34mLix[33m*[34m:[37m fasjdiofjioweasdf[0m
[1m[34mLix[0m:asdjfijsd
[1m[34mLix[0m:a
[1m[34mLix[0m:f
[1m[34mLix[0m:dsf
[1m[34mLix[0m:sd
[1m[34mLix[0m:f
[1m[34mLix[0m:sdaf
[1m[34mLix[0m:re
[1m[34mLix[0m:g
[1m[34mLix[0m:fd
[1m[34mLix[0m:f
[1m[34mLix[0m:sadf
[1m[34mkkk[0m:ff
[1m[34mkkk[0m:f
[1m[34mkkk[0m:f
[1m[34mkkk[0m:f
[1m[34mLix[0m:sadf
[1m[34mkkk[0m:f
[1m[34mkkk[0m:f
[1m[34mkkk[0m:f
[1m[34mkkk[0m:f
[1m[34mkkk[0m:f
[1m[34mkkk[0m:f
[1m[34mkkk[0m:f
[1m[34mkkk[0m:f
[1m[34mkkk[0m:f
[1m[34mkkk[0m:f
[1m[34mkkk[0m:f
[1m[34mkkk[0m:f
[1m[34mLix[0m:a
[1m[34mLix[0m:a
[1m[34mLix[0m:a
[1m[34mLix[0m:a
[1m[34mLix[0m:a
[1m[34mLix[0m:a
[1m[40m--System Mention--[47;30mkkk Logout; Online 3[0m
[1m[34mLix[0m:a
[1m[34mLix[0m:a
[1m[34mLix[0m:a
[1m[34mLix[0m:a
[1m[34mLix[0m:a
[1m[34mLix[0m:a
[1m[34mLix[0m:a
[1m[34mLix[0m:a
[1m[34mLix[0m:a
[1m[34mLix[0m:a
[1m[34mLix[0m:a
[1m[34mLix[0m:a
[1m[34mLix[0m:aa
[1m[34mLix[0m:a#
[1m[34mè´ºè¯—é›¨è‡´å¯Œ[0m:32112232332
[1m[34mè´ºè¯—é›¨è‡´å¯Œ[0m:32
[1m[34mè´ºè¯—é›¨è‡´å¯Œ[0m:32123
[1m[34mè´ºè¯—é›¨è‡´å¯Œ[0m:13
[1m[34mè´ºè¯—é›¨è‡´å¯Œ[0m:32231232132332
[1m[34mLix[0m:asdas
[1m[34mLix[0m:s
[1m[34mLix[0m:a
[1m[34mLix[0m:f
[1m[34mè´ºè¯—é›¨è‡´å¯Œ[0m:123132132123312@robot sb
[1m[34mLix[0m:sd@
[1m[34mè´ºè¯—é›¨è‡´å¯Œ[0m:[A[A
[1m[34mè´ºè¯—é›¨è‡´å¯Œ[0m:[A
[1m[40m--System Mention--[47;30mLix Logout; Online 2[0m
[1m[34mè´ºè¯—é›¨è‡´å¯Œ[0m:[A
[1m[34mè´ºè¯—é›¨è‡´å¯Œ[0m:[A
[1m[34mè´ºè¯—é›¨è‡´å¯Œ[0m:[A
[1m[34mè´ºè¯—é›¨è‡´å¯Œ[0m:[A
[1m[34mè´ºè¯—é›¨è‡´å¯Œ[0m:[A[A[A[A[A[A[A[A[A[A[A[A[A[A
          2019-03-07 18:27
          2019-03-07 18:28
          2019-03-07 18:36
          2019-03-07 18:36
          2019-03-07 18:37
          2019-03-07 18:44
          2019-03-07 18:44
          2019-03-07 18:44
          2019-03-07 18:44
          2019-03-07 18:44
          2019-03-07 18:49
          2019-03-07 18:49
          2019-03-07 18:49
          2019-03-07 18:51
          2019-03-07 19:07
          2019-03-07 19:08
          2019-03-07 19:08
          2019-03-07 19:09
          2019-03-07 19:18
          2019-03-07 19:23
          2019-03-07 19:23
          2019-03-07 19:23
          2019-03-07 19:24
          2019-03-10 18:17
          2019-03-10 18:17
